<?xml version="1.0" encoding="UTF-8"?>
<tasks xmlns="complex-task-list.xsd">
    <task implementation="java.nio.BufferMismatch">
        <step order="1" implementation="java.beans.BeanInfo" weight="0.1"/>
    </task>
</tasks>